[2021-01-03 10:49:34] local.ERROR: cURL error 6: Could not resolve: updates.restoqr.onlinev2.0.1.zip (Domain name not found) (see https://curl.haxx.se/libcurl/c/libcurl-errors.html) for http://updates.restoqr.onlinev2.0.1.zip {"userId":1,"exception":"[object] (GuzzleHttp\\Exception\\ConnectException(code: 0): cURL error 6: Could not resolve: updates.restoqr.onlinev2.0.1.zip (Domain name not found) (see https://curl.haxx.se/libcurl/c/libcurl-errors.html) for http://updates.restoqr.onlinev2.0.1.zip at /Users/danieldimov/Documents/Projects/Mobidonia/CodeCanyon/MRestorant/Site/vendor/guzzlehttp/guzzle/src/Handler/CurlFactory.php:210)
[stacktrace]
#0 /Users/danieldimov/Documents/Projects/Mobidonia/CodeCanyon/MRestorant/Site/vendor/guzzlehttp/guzzle/src/Handler/CurlFactory.php(158): GuzzleHttp\\Handler\\CurlFactory::createRejection(Object(GuzzleHttp\\Handler\\EasyHandle), Array)
#1 /Users/danieldimov/Documents/Projects/Mobidonia/CodeCanyon/MRestorant/Site/vendor/guzzlehttp/guzzle/src/Handler/CurlFactory.php(110): GuzzleHttp\\Handler\\CurlFactory::finishError(Object(GuzzleHttp\\Handler\\CurlHandler), Object(GuzzleHttp\\Handler\\EasyHandle), Object(GuzzleHttp\\Handler\\CurlFactory))
#2 /Users/danieldimov/Documents/Projects/Mobidonia/CodeCanyon/MRestorant/Site/vendor/guzzlehttp/guzzle/src/Handler/CurlHandler.php(47): GuzzleHttp\\Handler\\CurlFactory::finish(Object(GuzzleHttp\\Handler\\CurlHandler), Object(GuzzleHttp\\Handler\\EasyHandle), Object(GuzzleHttp\\Handler\\CurlFactory))
#3 /Users/danieldimov/Documents/Projects/Mobidonia/CodeCanyon/MRestorant/Site/vendor/guzzlehttp/guzzle/src/Handler/Proxy.php(28): GuzzleHttp\\Handler\\CurlHandler->__invoke(Object(GuzzleHttp\\Psr7\\Request), Array)
#4 /Users/danieldimov/Documents/Projects/Mobidonia/CodeCanyon/MRestorant/Site/vendor/guzzlehttp/guzzle/src/Handler/Proxy.php(48): GuzzleHttp\\Handler\\Proxy::GuzzleHttp\\Handler\\{closure}(Object(GuzzleHttp\\Psr7\\Request), Array)
#5 /Users/danieldimov/Documents/Projects/Mobidonia/CodeCanyon/MRestorant/Site/vendor/guzzlehttp/guzzle/src/PrepareBodyMiddleware.php(35): GuzzleHttp\\Handler\\Proxy::GuzzleHttp\\Handler\\{closure}(Object(GuzzleHttp\\Psr7\\Request), Array)
#6 /Users/danieldimov/Documents/Projects/Mobidonia/CodeCanyon/MRestorant/Site/vendor/guzzlehttp/guzzle/src/Middleware.php(31): GuzzleHttp\\PrepareBodyMiddleware->__invoke(Object(GuzzleHttp\\Psr7\\Request), Array)
#7 /Users/danieldimov/Documents/Projects/Mobidonia/CodeCanyon/MRestorant/Site/vendor/guzzlehttp/guzzle/src/RedirectMiddleware.php(71): GuzzleHttp\\Middleware::GuzzleHttp\\{closure}(Object(GuzzleHttp\\Psr7\\Request), Array)
#8 /Users/danieldimov/Documents/Projects/Mobidonia/CodeCanyon/MRestorant/Site/vendor/guzzlehttp/guzzle/src/Middleware.php(63): GuzzleHttp\\RedirectMiddleware->__invoke(Object(GuzzleHttp\\Psr7\\Request), Array)
#9 /Users/danieldimov/Documents/Projects/Mobidonia/CodeCanyon/MRestorant/Site/vendor/guzzlehttp/guzzle/src/HandlerStack.php(75): GuzzleHttp\\Middleware::GuzzleHttp\\{closure}(Object(GuzzleHttp\\Psr7\\Request), Array)
#10 /Users/danieldimov/Documents/Projects/Mobidonia/CodeCanyon/MRestorant/Site/vendor/guzzlehttp/guzzle/src/Client.php(331): GuzzleHttp\\HandlerStack->__invoke(Object(GuzzleHttp\\Psr7\\Request), Array)
#11 /Users/danieldimov/Documents/Projects/Mobidonia/CodeCanyon/MRestorant/Site/vendor/guzzlehttp/guzzle/src/Client.php(168): GuzzleHttp\\Client->transfer(Object(GuzzleHttp\\Psr7\\Request), Array)
#12 /Users/danieldimov/Documents/Projects/Mobidonia/CodeCanyon/MRestorant/Site/vendor/guzzlehttp/guzzle/src/Client.php(187): GuzzleHttp\\Client->requestAsync('GET', Object(GuzzleHttp\\Psr7\\Uri), Array)
#13 /Users/danieldimov/Documents/Projects/Mobidonia/CodeCanyon/MRestorant/Site/vendor/codedge/laravel-selfupdater/src/Models/Release.php(242): GuzzleHttp\\Client->request('GET', 'http://updates....', Array)
#14 /Users/danieldimov/Documents/Projects/Mobidonia/CodeCanyon/MRestorant/Site/vendor/codedge/laravel-selfupdater/src/SourceRepositoryTypes/HttpRepositoryType.php(140): Codedge\\Updater\\Models\\Release->download(Object(GuzzleHttp\\Client))
#15 /Users/danieldimov/Documents/Projects/Mobidonia/CodeCanyon/MRestorant/Site/vendor/codedge/laravel-selfupdater/src/SourceRepository.php(54): Codedge\\Updater\\SourceRepositoryTypes\\HttpRepositoryType->fetch('2.0.1')
#16 /Users/danieldimov/Documents/Projects/Mobidonia/CodeCanyon/MRestorant/Site/app/Http/Controllers/SettingsController.php(198): Codedge\\Updater\\SourceRepository->fetch('2.0.1')
#17 /Users/danieldimov/Documents/Projects/Mobidonia/CodeCanyon/MRestorant/Site/vendor/laravel/framework/src/Illuminate/Routing/Controller.php(54): App\\Http\\Controllers\\SettingsController->index(Object(App\\Settings))
#18 /Users/danieldimov/Documents/Projects/Mobidonia/CodeCanyon/MRestorant/Site/vendor/laravel/framework/src/Illuminate/Routing/ControllerDispatcher.php(45): Illuminate\\Routing\\Controller->callAction('index', Array)
#19 /Users/danieldimov/Documents/Projects/Mobidonia/CodeCanyon/MRestorant/Site/vendor/laravel/framework/src/Illuminate/Routing/Route.php(254): Illuminate\\Routing\\ControllerDispatcher->dispatch(Object(Illuminate\\Routing\\Route), Object(App\\Http\\Controllers\\SettingsController), 'index')
#20 /Users/danieldimov/Documents/Projects/Mobidonia/CodeCanyon/MRestorant/Site/vendor/laravel/framework/src/Illuminate/Routing/Route.php(197): Illuminate\\Routing\\Route->runController()
#21 /Users/danieldimov/Documents/Projects/Mobidonia/CodeCanyon/MRestorant/Site/vendor/laravel/framework/src/Illuminate/Routing/Router.php(692): Illuminate\\Routing\\Route->run()
#22 /Users/danieldimov/Documents/Projects/Mobidonia/CodeCanyon/MRestorant/Site/vendor/laravel/framework/src/Illuminate/Pipeline/Pipeline.php(128): Illuminate\\Routing\\Router->Illuminate\\Routing\\{closure}(Object(Illuminate\\Http\\Request))
#23 /Users/danieldimov/Documents/Projects/Mobidonia/CodeCanyon/MRestorant/Site/vendor/laravel/framework/src/Illuminate/Routing/Middleware/SubstituteBindings.php(41): Illuminate\\Pipeline\\Pipeline->Illuminate\\Pipeline\\{closure}(Object(Illuminate\\Http\\Request))
#24 /Users/danieldimov/Documents/Projects/Mobidonia/CodeCanyon/MRestorant/Site/vendor/laravel/framework/src/Illuminate/Pipeline/Pipeline.php(167): Illuminate\\Routing\\Middleware\\SubstituteBindings->handle(Object(Illuminate\\Http\\Request), Object(Closure))
#25 /Users/danieldimov/Documents/Projects/Mobidonia/CodeCanyon/MRestorant/Site/vendor/laravel/framework/src/Illuminate/Auth/Middleware/Authenticate.php(44): Illuminate\\Pipeline\\Pipeline->Illuminate\\Pipeline\\{closure}(Object(Illuminate\\Http\\Request))
#26 /Users/danieldimov/Documents/Projects/Mobidonia/CodeCanyon/MRestorant/Site/vendor/laravel/framework/src/Illuminate/Pipeline/Pipeline.php(167): Illuminate\\Auth\\Middleware\\Authenticate->handle(Object(Illuminate\\Http\\Request), Object(Closure))
#27 /Users/danieldimov/Documents/Projects/Mobidonia/CodeCanyon/MRestorant/Site/vendor/laravel/framework/src/Illuminate/Foundation/Http/Middleware/VerifyCsrfToken.php(78): Illuminate\\Pipeline\\Pipeline->Illuminate\\Pipeline\\{closure}(Object(Illuminate\\Http\\Request))
#28 /Users/danieldimov/Documents/Projects/Mobidonia/CodeCanyon/MRestorant/Site/vendor/laravel/framework/src/Illuminate/Pipeline/Pipeline.php(167): Illuminate\\Foundation\\Http\\Middleware\\VerifyCsrfToken->handle(Object(Illuminate\\Http\\Request), Object(Closure))
#29 /Users/danieldimov/Documents/Projects/Mobidonia/CodeCanyon/MRestorant/Site/vendor/laravel/framework/src/Illuminate/View/Middleware/ShareErrorsFromSession.php(49): Illuminate\\Pipeline\\Pipeline->Illuminate\\Pipeline\\{closure}(Object(Illuminate\\Http\\Request))
#30 /Users/danieldimov/Documents/Projects/Mobidonia/CodeCanyon/MRestorant/Site/vendor/laravel/framework/src/Illuminate/Pipeline/Pipeline.php(167): Illuminate\\View\\Middleware\\ShareErrorsFromSession->handle(Object(Illuminate\\Http\\Request), Object(Closure))
#31 /Users/danieldimov/Documents/Projects/Mobidonia/CodeCanyon/MRestorant/Site/app/Http/Middleware/Language.php(32): Illuminate\\Pipeline\\Pipeline->Illuminate\\Pipeline\\{closure}(Object(Illuminate\\Http\\Request))
#32 /Users/danieldimov/Documents/Projects/Mobidonia/CodeCanyon/MRestorant/Site/vendor/laravel/framework/src/Illuminate/Pipeline/Pipeline.php(167): App\\Http\\Middleware\\Language->handle(Object(Illuminate\\Http\\Request), Object(Closure))
#33 /Users/danieldimov/Documents/Projects/Mobidonia/CodeCanyon/MRestorant/Site/vendor/laravel/framework/src/Illuminate/Session/Middleware/StartSession.php(121): Illuminate\\Pipeline\\Pipeline->Illuminate\\Pipeline\\{closure}(Object(Illuminate\\Http\\Request))
#34 /Users/danieldimov/Documents/Projects/Mobidonia/CodeCanyon/MRestorant/Site/vendor/laravel/framework/src/Illuminate/Session/Middleware/StartSession.php(63): Illuminate\\Session\\Middleware\\StartSession->handleStatefulRequest(Object(Illuminate\\Http\\Request), Object(Illuminate\\Session\\Store), Object(Closure))
#35 /Users/danieldimov/Documents/Projects/Mobidonia/CodeCanyon/MRestorant/Site/vendor/laravel/framework/src/Illuminate/Pipeline/Pipeline.php(167): Illuminate\\Session\\Middleware\\StartSession->handle(Object(Illuminate\\Http\\Request), Object(Closure))
#36 /Users/danieldimov/Documents/Projects/Mobidonia/CodeCanyon/MRestorant/Site/vendor/laravel/framework/src/Illuminate/Cookie/Middleware/AddQueuedCookiesToResponse.php(37): Illuminate\\Pipeline\\Pipeline->Illuminate\\Pipeline\\{closure}(Object(Illuminate\\Http\\Request))
#37 /Users/danieldimov/Documents/Projects/Mobidonia/CodeCanyon/MRestorant/Site/vendor/laravel/framework/src/Illuminate/Pipeline/Pipeline.php(167): Illuminate\\Cookie\\Middleware\\AddQueuedCookiesToResponse->handle(Object(Illuminate\\Http\\Request), Object(Closure))
#38 /Users/danieldimov/Documents/Projects/Mobidonia/CodeCanyon/MRestorant/Site/vendor/laravel/framework/src/Illuminate/Cookie/Middleware/EncryptCookies.php(67): Illuminate\\Pipeline\\Pipeline->Illuminate\\Pipeline\\{closure}(Object(Illuminate\\Http\\Request))
#39 /Users/danieldimov/Documents/Projects/Mobidonia/CodeCanyon/MRestorant/Site/vendor/laravel/framework/src/Illuminate/Pipeline/Pipeline.php(167): Illuminate\\Cookie\\Middleware\\EncryptCookies->handle(Object(Illuminate\\Http\\Request), Object(Closure))
#40 /Users/danieldimov/Documents/Projects/Mobidonia/CodeCanyon/MRestorant/Site/packages/mobidonia/laravel-dashboard-installer/src/Middleware/ToInstallMiddleware.php(23): Illuminate\\Pipeline\\Pipeline->Illuminate\\Pipeline\\{closure}(Object(Illuminate\\Http\\Request))
#41 /Users/danieldimov/Documents/Projects/Mobidonia/CodeCanyon/MRestorant/Site/vendor/laravel/framework/src/Illuminate/Pipeline/Pipeline.php(167): dacoto\\LaravelInstaller\\Middleware\\ToInstallMiddleware->handle(Object(Illuminate\\Http\\Request), Object(Closure))
#42 /Users/danieldimov/Documents/Projects/Mobidonia/CodeCanyon/MRestorant/Site/vendor/laravel/framework/src/Illuminate/Pipeline/Pipeline.php(103): Illuminate\\Pipeline\\Pipeline->Illuminate\\Pipeline\\{closure}(Object(Illuminate\\Http\\Request))
#43 /Users/danieldimov/Documents/Projects/Mobidonia/CodeCanyon/MRestorant/Site/vendor/laravel/framework/src/Illuminate/Routing/Router.php(694): Illuminate\\Pipeline\\Pipeline->then(Object(Closure))
#44 /Users/danieldimov/Documents/Projects/Mobidonia/CodeCanyon/MRestorant/Site/vendor/laravel/framework/src/Illuminate/Routing/Router.php(669): Illuminate\\Routing\\Router->runRouteWithinStack(Object(Illuminate\\Routing\\Route), Object(Illuminate\\Http\\Request))
#45 /Users/danieldimov/Documents/Projects/Mobidonia/CodeCanyon/MRestorant/Site/vendor/laravel/framework/src/Illuminate/Routing/Router.php(635): Illuminate\\Routing\\Router->runRoute(Object(Illuminate\\Http\\Request), Object(Illuminate\\Routing\\Route))
#46 /Users/danieldimov/Documents/Projects/Mobidonia/CodeCanyon/MRestorant/Site/vendor/laravel/framework/src/Illuminate/Routing/Router.php(624): Illuminate\\Routing\\Router->dispatchToRoute(Object(Illuminate\\Http\\Request))
#47 /Users/danieldimov/Documents/Projects/Mobidonia/CodeCanyon/MRestorant/Site/vendor/laravel/framework/src/Illuminate/Foundation/Http/Kernel.php(166): Illuminate\\Routing\\Router->dispatch(Object(Illuminate\\Http\\Request))
#48 /Users/danieldimov/Documents/Projects/Mobidonia/CodeCanyon/MRestorant/Site/vendor/laravel/framework/src/Illuminate/Pipeline/Pipeline.php(128): Illuminate\\Foundation\\Http\\Kernel->Illuminate\\Foundation\\Http\\{closure}(Object(Illuminate\\Http\\Request))
#49 /Users/danieldimov/Documents/Projects/Mobidonia/CodeCanyon/MRestorant/Site/vendor/barryvdh/laravel-debugbar/src/Middleware/InjectDebugbar.php(67): Illuminate\\Pipeline\\Pipeline->Illuminate\\Pipeline\\{closure}(Object(Illuminate\\Http\\Request))
#50 /Users/danieldimov/Documents/Projects/Mobidonia/CodeCanyon/MRestorant/Site/vendor/laravel/framework/src/Illuminate/Pipeline/Pipeline.php(167): Barryvdh\\Debugbar\\Middleware\\InjectDebugbar->handle(Object(Illuminate\\Http\\Request), Object(Closure))
#51 /Users/danieldimov/Documents/Projects/Mobidonia/CodeCanyon/MRestorant/Site/vendor/laravel/framework/src/Illuminate/Foundation/Http/Middleware/TransformsRequest.php(21): Illuminate\\Pipeline\\Pipeline->Illuminate\\Pipeline\\{closure}(Object(Illuminate\\Http\\Request))
#52 /Users/danieldimov/Documents/Projects/Mobidonia/CodeCanyon/MRestorant/Site/vendor/laravel/framework/src/Illuminate/Pipeline/Pipeline.php(167): Illuminate\\Foundation\\Http\\Middleware\\TransformsRequest->handle(Object(Illuminate\\Http\\Request), Object(Closure))
#53 /Users/danieldimov/Documents/Projects/Mobidonia/CodeCanyon/MRestorant/Site/vendor/laravel/framework/src/Illuminate/Foundation/Http/Middleware/TransformsRequest.php(21): Illuminate\\Pipeline\\Pipeline->Illuminate\\Pipeline\\{closure}(Object(Illuminate\\Http\\Request))
#54 /Users/danieldimov/Documents/Projects/Mobidonia/CodeCanyon/MRestorant/Site/vendor/laravel/framework/src/Illuminate/Pipeline/Pipeline.php(167): Illuminate\\Foundation\\Http\\Middleware\\TransformsRequest->handle(Object(Illuminate\\Http\\Request), Object(Closure))
#55 /Users/danieldimov/Documents/Projects/Mobidonia/CodeCanyon/MRestorant/Site/vendor/laravel/framework/src/Illuminate/Foundation/Http/Middleware/ValidatePostSize.php(27): Illuminate\\Pipeline\\Pipeline->Illuminate\\Pipeline\\{closure}(Object(Illuminate\\Http\\Request))
#56 /Users/danieldimov/Documents/Projects/Mobidonia/CodeCanyon/MRestorant/Site/vendor/laravel/framework/src/Illuminate/Pipeline/Pipeline.php(167): Illuminate\\Foundation\\Http\\Middleware\\ValidatePostSize->handle(Object(Illuminate\\Http\\Request), Object(Closure))
#57 /Users/danieldimov/Documents/Projects/Mobidonia/CodeCanyon/MRestorant/Site/vendor/laravel/framework/src/Illuminate/Foundation/Http/Middleware/PreventRequestsDuringMaintenance.php(87): Illuminate\\Pipeline\\Pipeline->Illuminate\\Pipeline\\{closure}(Object(Illuminate\\Http\\Request))
#58 /Users/danieldimov/Documents/Projects/Mobidonia/CodeCanyon/MRestorant/Site/vendor/laravel/framework/src/Illuminate/Pipeline/Pipeline.php(167): Illuminate\\Foundation\\Http\\Middleware\\PreventRequestsDuringMaintenance->handle(Object(Illuminate\\Http\\Request), Object(Closure))
#59 /Users/danieldimov/Documents/Projects/Mobidonia/CodeCanyon/MRestorant/Site/vendor/fruitcake/laravel-cors/src/HandleCors.php(37): Illuminate\\Pipeline\\Pipeline->Illuminate\\Pipeline\\{closure}(Object(Illuminate\\Http\\Request))
#60 /Users/danieldimov/Documents/Projects/Mobidonia/CodeCanyon/MRestorant/Site/vendor/laravel/framework/src/Illuminate/Pipeline/Pipeline.php(167): Fruitcake\\Cors\\HandleCors->handle(Object(Illuminate\\Http\\Request), Object(Closure))
#61 /Users/danieldimov/Documents/Projects/Mobidonia/CodeCanyon/MRestorant/Site/vendor/fideloper/proxy/src/TrustProxies.php(57): Illuminate\\Pipeline\\Pipeline->Illuminate\\Pipeline\\{closure}(Object(Illuminate\\Http\\Request))
#62 /Users/danieldimov/Documents/Projects/Mobidonia/CodeCanyon/MRestorant/Site/vendor/laravel/framework/src/Illuminate/Pipeline/Pipeline.php(167): Fideloper\\Proxy\\TrustProxies->handle(Object(Illuminate\\Http\\Request), Object(Closure))
#63 /Users/danieldimov/Documents/Projects/Mobidonia/CodeCanyon/MRestorant/Site/vendor/sentry/sentry-laravel/src/Sentry/Laravel/Tracing/Middleware.php(46): Illuminate\\Pipeline\\Pipeline->Illuminate\\Pipeline\\{closure}(Object(Illuminate\\Http\\Request))
#64 /Users/danieldimov/Documents/Projects/Mobidonia/CodeCanyon/MRestorant/Site/vendor/laravel/framework/src/Illuminate/Pipeline/Pipeline.php(167): Sentry\\Laravel\\Tracing\\Middleware->handle(Object(Illuminate\\Http\\Request), Object(Closure))
#65 /Users/danieldimov/Documents/Projects/Mobidonia/CodeCanyon/MRestorant/Site/vendor/laravel/framework/src/Illuminate/Pipeline/Pipeline.php(103): Illuminate\\Pipeline\\Pipeline->Illuminate\\Pipeline\\{closure}(Object(Illuminate\\Http\\Request))
#66 /Users/danieldimov/Documents/Projects/Mobidonia/CodeCanyon/MRestorant/Site/vendor/laravel/framework/src/Illuminate/Foundation/Http/Kernel.php(141): Illuminate\\Pipeline\\Pipeline->then(Object(Closure))
#67 /Users/danieldimov/Documents/Projects/Mobidonia/CodeCanyon/MRestorant/Site/vendor/laravel/framework/src/Illuminate/Foundation/Http/Kernel.php(110): Illuminate\\Foundation\\Http\\Kernel->sendRequestThroughRouter(Object(Illuminate\\Http\\Request))
#68 /Users/danieldimov/Documents/Projects/Mobidonia/CodeCanyon/MRestorant/Site/public/index.php(52): Illuminate\\Foundation\\Http\\Kernel->handle(Object(Illuminate\\Http\\Request))
#69 /Users/danieldimov/Documents/Projects/Mobidonia/CodeCanyon/MRestorant/Site/server.php(21): require_once('/Users/danieldi...')
#70 {main}
"} 
[2021-01-03 11:00:53] local.ERROR: Client error: `GET http://updates.restoqr.online/v2/2.0.1/` resulted in a `404 Not Found` response:
<!DOCTYPE HTML PUBLIC "-//IETF//DTD HTML 2.0//EN">
<html><head>
<title>404 Not Found</title>
</head><body>
<h1>Not Found (truncated...)
 {"userId":1,"exception":"[object] (GuzzleHttp\\Exception\\ClientException(code: 404): Client error: `GET http://updates.restoqr.online/v2/2.0.1/` resulted in a `404 Not Found` response:
<!DOCTYPE HTML PUBLIC \"-//IETF//DTD HTML 2.0//EN\">
<html><head>
<title>404 Not Found</title>
</head><body>
<h1>Not Found (truncated...)
 at /Users/danieldimov/Documents/Projects/Mobidonia/CodeCanyon/MRestorant/Site/vendor/guzzlehttp/guzzle/src/Exception/RequestException.php:113)
[stacktrace]
#0 /Users/danieldimov/Documents/Projects/Mobidonia/CodeCanyon/MRestorant/Site/vendor/guzzlehttp/guzzle/src/Middleware.php(69): GuzzleHttp\\Exception\\RequestException::create(Object(GuzzleHttp\\Psr7\\Request), Object(GuzzleHttp\\Psr7\\Response), NULL, Array, NULL)
#1 /Users/danieldimov/Documents/Projects/Mobidonia/CodeCanyon/MRestorant/Site/vendor/guzzlehttp/promises/src/Promise.php(204): GuzzleHttp\\Middleware::GuzzleHttp\\{closure}(Object(GuzzleHttp\\Psr7\\Response))
#2 /Users/danieldimov/Documents/Projects/Mobidonia/CodeCanyon/MRestorant/Site/vendor/guzzlehttp/promises/src/Promise.php(153): GuzzleHttp\\Promise\\Promise::callHandler(1, Object(GuzzleHttp\\Psr7\\Response), NULL)
#3 /Users/danieldimov/Documents/Projects/Mobidonia/CodeCanyon/MRestorant/Site/vendor/guzzlehttp/promises/src/TaskQueue.php(48): GuzzleHttp\\Promise\\Promise::GuzzleHttp\\Promise\\{closure}()
#4 /Users/danieldimov/Documents/Projects/Mobidonia/CodeCanyon/MRestorant/Site/vendor/guzzlehttp/promises/src/Promise.php(248): GuzzleHttp\\Promise\\TaskQueue->run(true)
#5 /Users/danieldimov/Documents/Projects/Mobidonia/CodeCanyon/MRestorant/Site/vendor/guzzlehttp/promises/src/Promise.php(224): GuzzleHttp\\Promise\\Promise->invokeWaitFn()
#6 /Users/danieldimov/Documents/Projects/Mobidonia/CodeCanyon/MRestorant/Site/vendor/guzzlehttp/promises/src/Promise.php(269): GuzzleHttp\\Promise\\Promise->waitIfPending()
#7 /Users/danieldimov/Documents/Projects/Mobidonia/CodeCanyon/MRestorant/Site/vendor/guzzlehttp/promises/src/Promise.php(226): GuzzleHttp\\Promise\\Promise->invokeWaitList()
#8 /Users/danieldimov/Documents/Projects/Mobidonia/CodeCanyon/MRestorant/Site/vendor/guzzlehttp/promises/src/Promise.php(62): GuzzleHttp\\Promise\\Promise->waitIfPending()
#9 /Users/danieldimov/Documents/Projects/Mobidonia/CodeCanyon/MRestorant/Site/vendor/guzzlehttp/guzzle/src/Client.php(187): GuzzleHttp\\Promise\\Promise->wait()
#10 /Users/danieldimov/Documents/Projects/Mobidonia/CodeCanyon/MRestorant/Site/packages/codedge/laravel-selfupdater/src/SourceRepositoryTypes/HttpRepositoryType.php(231): GuzzleHttp\\Client->request('GET', 'http://updates....', Array)
#11 /Users/danieldimov/Documents/Projects/Mobidonia/CodeCanyon/MRestorant/Site/packages/codedge/laravel-selfupdater/src/SourceRepositoryTypes/HttpRepositoryType.php(202): Codedge\\Updater\\SourceRepositoryTypes\\HttpRepositoryType->getRepositoryReleases()
#12 /Users/danieldimov/Documents/Projects/Mobidonia/CodeCanyon/MRestorant/Site/packages/codedge/laravel-selfupdater/src/SourceRepositoryTypes/HttpRepositoryType.php(99): Codedge\\Updater\\SourceRepositoryTypes\\HttpRepositoryType->getVersionAvailable()
#13 /Users/danieldimov/Documents/Projects/Mobidonia/CodeCanyon/MRestorant/Site/packages/codedge/laravel-selfupdater/src/SourceRepository.php(77): Codedge\\Updater\\SourceRepositoryTypes\\HttpRepositoryType->isNewVersionAvailable('')
#14 /Users/danieldimov/Documents/Projects/Mobidonia/CodeCanyon/MRestorant/Site/app/Http/Controllers/SettingsController.php(193): Codedge\\Updater\\SourceRepository->isNewVersionAvailable()
#15 /Users/danieldimov/Documents/Projects/Mobidonia/CodeCanyon/MRestorant/Site/vendor/laravel/framework/src/Illuminate/Routing/Controller.php(54): App\\Http\\Controllers\\SettingsController->index(Object(App\\Settings))
#16 /Users/danieldimov/Documents/Projects/Mobidonia/CodeCanyon/MRestorant/Site/vendor/laravel/framework/src/Illuminate/Routing/ControllerDispatcher.php(45): Illuminate\\Routing\\Controller->callAction('index', Array)
#17 /Users/danieldimov/Documents/Projects/Mobidonia/CodeCanyon/MRestorant/Site/vendor/laravel/framework/src/Illuminate/Routing/Route.php(254): Illuminate\\Routing\\ControllerDispatcher->dispatch(Object(Illuminate\\Routing\\Route), Object(App\\Http\\Controllers\\SettingsController), 'index')
#18 /Users/danieldimov/Documents/Projects/Mobidonia/CodeCanyon/MRestorant/Site/vendor/laravel/framework/src/Illuminate/Routing/Route.php(197): Illuminate\\Routing\\Route->runController()
#19 /Users/danieldimov/Documents/Projects/Mobidonia/CodeCanyon/MRestorant/Site/vendor/laravel/framework/src/Illuminate/Routing/Router.php(692): Illuminate\\Routing\\Route->run()
#20 /Users/danieldimov/Documents/Projects/Mobidonia/CodeCanyon/MRestorant/Site/vendor/laravel/framework/src/Illuminate/Pipeline/Pipeline.php(128): Illuminate\\Routing\\Router->Illuminate\\Routing\\{closure}(Object(Illuminate\\Http\\Request))
#21 /Users/danieldimov/Documents/Projects/Mobidonia/CodeCanyon/MRestorant/Site/vendor/laravel/framework/src/Illuminate/Routing/Middleware/SubstituteBindings.php(41): Illuminate\\Pipeline\\Pipeline->Illuminate\\Pipeline\\{closure}(Object(Illuminate\\Http\\Request))
#22 /Users/danieldimov/Documents/Projects/Mobidonia/CodeCanyon/MRestorant/Site/vendor/laravel/framework/src/Illuminate/Pipeline/Pipeline.php(167): Illuminate\\Routing\\Middleware\\SubstituteBindings->handle(Object(Illuminate\\Http\\Request), Object(Closure))
#23 /Users/danieldimov/Documents/Projects/Mobidonia/CodeCanyon/MRestorant/Site/vendor/laravel/framework/src/Illuminate/Auth/Middleware/Authenticate.php(44): Illuminate\\Pipeline\\Pipeline->Illuminate\\Pipeline\\{closure}(Object(Illuminate\\Http\\Request))
#24 /Users/danieldimov/Documents/Projects/Mobidonia/CodeCanyon/MRestorant/Site/vendor/laravel/framework/src/Illuminate/Pipeline/Pipeline.php(167): Illuminate\\Auth\\Middleware\\Authenticate->handle(Object(Illuminate\\Http\\Request), Object(Closure))
#25 /Users/danieldimov/Documents/Projects/Mobidonia/CodeCanyon/MRestorant/Site/vendor/laravel/framework/src/Illuminate/Foundation/Http/Middleware/VerifyCsrfToken.php(78): Illuminate\\Pipeline\\Pipeline->Illuminate\\Pipeline\\{closure}(Object(Illuminate\\Http\\Request))
#26 /Users/danieldimov/Documents/Projects/Mobidonia/CodeCanyon/MRestorant/Site/vendor/laravel/framework/src/Illuminate/Pipeline/Pipeline.php(167): Illuminate\\Foundation\\Http\\Middleware\\VerifyCsrfToken->handle(Object(Illuminate\\Http\\Request), Object(Closure))
#27 /Users/danieldimov/Documents/Projects/Mobidonia/CodeCanyon/MRestorant/Site/vendor/laravel/framework/src/Illuminate/View/Middleware/ShareErrorsFromSession.php(49): Illuminate\\Pipeline\\Pipeline->Illuminate\\Pipeline\\{closure}(Object(Illuminate\\Http\\Request))
#28 /Users/danieldimov/Documents/Projects/Mobidonia/CodeCanyon/MRestorant/Site/vendor/laravel/framework/src/Illuminate/Pipeline/Pipeline.php(167): Illuminate\\View\\Middleware\\ShareErrorsFromSession->handle(Object(Illuminate\\Http\\Request), Object(Closure))
#29 /Users/danieldimov/Documents/Projects/Mobidonia/CodeCanyon/MRestorant/Site/app/Http/Middleware/Language.php(32): Illuminate\\Pipeline\\Pipeline->Illuminate\\Pipeline\\{closure}(Object(Illuminate\\Http\\Request))
#30 /Users/danieldimov/Documents/Projects/Mobidonia/CodeCanyon/MRestorant/Site/vendor/laravel/framework/src/Illuminate/Pipeline/Pipeline.php(167): App\\Http\\Middleware\\Language->handle(Object(Illuminate\\Http\\Request), Object(Closure))
#31 /Users/danieldimov/Documents/Projects/Mobidonia/CodeCanyon/MRestorant/Site/vendor/laravel/framework/src/Illuminate/Session/Middleware/StartSession.php(121): Illuminate\\Pipeline\\Pipeline->Illuminate\\Pipeline\\{closure}(Object(Illuminate\\Http\\Request))
#32 /Users/danieldimov/Documents/Projects/Mobidonia/CodeCanyon/MRestorant/Site/vendor/laravel/framework/src/Illuminate/Session/Middleware/StartSession.php(63): Illuminate\\Session\\Middleware\\StartSession->handleStatefulRequest(Object(Illuminate\\Http\\Request), Object(Illuminate\\Session\\Store), Object(Closure))
#33 /Users/danieldimov/Documents/Projects/Mobidonia/CodeCanyon/MRestorant/Site/vendor/laravel/framework/src/Illuminate/Pipeline/Pipeline.php(167): Illuminate\\Session\\Middleware\\StartSession->handle(Object(Illuminate\\Http\\Request), Object(Closure))
#34 /Users/danieldimov/Documents/Projects/Mobidonia/CodeCanyon/MRestorant/Site/vendor/laravel/framework/src/Illuminate/Cookie/Middleware/AddQueuedCookiesToResponse.php(37): Illuminate\\Pipeline\\Pipeline->Illuminate\\Pipeline\\{closure}(Object(Illuminate\\Http\\Request))
#35 /Users/danieldimov/Documents/Projects/Mobidonia/CodeCanyon/MRestorant/Site/vendor/laravel/framework/src/Illuminate/Pipeline/Pipeline.php(167): Illuminate\\Cookie\\Middleware\\AddQueuedCookiesToResponse->handle(Object(Illuminate\\Http\\Request), Object(Closure))
#36 /Users/danieldimov/Documents/Projects/Mobidonia/CodeCanyon/MRestorant/Site/vendor/laravel/framework/src/Illuminate/Cookie/Middleware/EncryptCookies.php(67): Illuminate\\Pipeline\\Pipeline->Illuminate\\Pipeline\\{closure}(Object(Illuminate\\Http\\Request))
#37 /Users/danieldimov/Documents/Projects/Mobidonia/CodeCanyon/MRestorant/Site/vendor/laravel/framework/src/Illuminate/Pipeline/Pipeline.php(167): Illuminate\\Cookie\\Middleware\\EncryptCookies->handle(Object(Illuminate\\Http\\Request), Object(Closure))
#38 /Users/danieldimov/Documents/Projects/Mobidonia/CodeCanyon/MRestorant/Site/packages/mobidonia/laravel-dashboard-installer/src/Middleware/ToInstallMiddleware.php(23): Illuminate\\Pipeline\\Pipeline->Illuminate\\Pipeline\\{closure}(Object(Illuminate\\Http\\Request))
#39 /Users/danieldimov/Documents/Projects/Mobidonia/CodeCanyon/MRestorant/Site/vendor/laravel/framework/src/Illuminate/Pipeline/Pipeline.php(167): dacoto\\LaravelInstaller\\Middleware\\ToInstallMiddleware->handle(Object(Illuminate\\Http\\Request), Object(Closure))
#40 /Users/danieldimov/Documents/Projects/Mobidonia/CodeCanyon/MRestorant/Site/vendor/laravel/framework/src/Illuminate/Pipeline/Pipeline.php(103): Illuminate\\Pipeline\\Pipeline->Illuminate\\Pipeline\\{closure}(Object(Illuminate\\Http\\Request))
#41 /Users/danieldimov/Documents/Projects/Mobidonia/CodeCanyon/MRestorant/Site/vendor/laravel/framework/src/Illuminate/Routing/Router.php(694): Illuminate\\Pipeline\\Pipeline->then(Object(Closure))
#42 /Users/danieldimov/Documents/Projects/Mobidonia/CodeCanyon/MRestorant/Site/vendor/laravel/framework/src/Illuminate/Routing/Router.php(669): Illuminate\\Routing\\Router->runRouteWithinStack(Object(Illuminate\\Routing\\Route), Object(Illuminate\\Http\\Request))
#43 /Users/danieldimov/Documents/Projects/Mobidonia/CodeCanyon/MRestorant/Site/vendor/laravel/framework/src/Illuminate/Routing/Router.php(635): Illuminate\\Routing\\Router->runRoute(Object(Illuminate\\Http\\Request), Object(Illuminate\\Routing\\Route))
#44 /Users/danieldimov/Documents/Projects/Mobidonia/CodeCanyon/MRestorant/Site/vendor/laravel/framework/src/Illuminate/Routing/Router.php(624): Illuminate\\Routing\\Router->dispatchToRoute(Object(Illuminate\\Http\\Request))
#45 /Users/danieldimov/Documents/Projects/Mobidonia/CodeCanyon/MRestorant/Site/vendor/laravel/framework/src/Illuminate/Foundation/Http/Kernel.php(166): Illuminate\\Routing\\Router->dispatch(Object(Illuminate\\Http\\Request))
#46 /Users/danieldimov/Documents/Projects/Mobidonia/CodeCanyon/MRestorant/Site/vendor/laravel/framework/src/Illuminate/Pipeline/Pipeline.php(128): Illuminate\\Foundation\\Http\\Kernel->Illuminate\\Foundation\\Http\\{closure}(Object(Illuminate\\Http\\Request))
#47 /Users/danieldimov/Documents/Projects/Mobidonia/CodeCanyon/MRestorant/Site/vendor/barryvdh/laravel-debugbar/src/Middleware/InjectDebugbar.php(67): Illuminate\\Pipeline\\Pipeline->Illuminate\\Pipeline\\{closure}(Object(Illuminate\\Http\\Request))
#48 /Users/danieldimov/Documents/Projects/Mobidonia/CodeCanyon/MRestorant/Site/vendor/laravel/framework/src/Illuminate/Pipeline/Pipeline.php(167): Barryvdh\\Debugbar\\Middleware\\InjectDebugbar->handle(Object(Illuminate\\Http\\Request), Object(Closure))
#49 /Users/danieldimov/Documents/Projects/Mobidonia/CodeCanyon/MRestorant/Site/vendor/laravel/framework/src/Illuminate/Foundation/Http/Middleware/TransformsRequest.php(21): Illuminate\\Pipeline\\Pipeline->Illuminate\\Pipeline\\{closure}(Object(Illuminate\\Http\\Request))
#50 /Users/danieldimov/Documents/Projects/Mobidonia/CodeCanyon/MRestorant/Site/vendor/laravel/framework/src/Illuminate/Pipeline/Pipeline.php(167): Illuminate\\Foundation\\Http\\Middleware\\TransformsRequest->handle(Object(Illuminate\\Http\\Request), Object(Closure))
#51 /Users/danieldimov/Documents/Projects/Mobidonia/CodeCanyon/MRestorant/Site/vendor/laravel/framework/src/Illuminate/Foundation/Http/Middleware/TransformsRequest.php(21): Illuminate\\Pipeline\\Pipeline->Illuminate\\Pipeline\\{closure}(Object(Illuminate\\Http\\Request))
#52 /Users/danieldimov/Documents/Projects/Mobidonia/CodeCanyon/MRestorant/Site/vendor/laravel/framework/src/Illuminate/Pipeline/Pipeline.php(167): Illuminate\\Foundation\\Http\\Middleware\\TransformsRequest->handle(Object(Illuminate\\Http\\Request), Object(Closure))
#53 /Users/danieldimov/Documents/Projects/Mobidonia/CodeCanyon/MRestorant/Site/vendor/laravel/framework/src/Illuminate/Foundation/Http/Middleware/ValidatePostSize.php(27): Illuminate\\Pipeline\\Pipeline->Illuminate\\Pipeline\\{closure}(Object(Illuminate\\Http\\Request))
#54 /Users/danieldimov/Documents/Projects/Mobidonia/CodeCanyon/MRestorant/Site/vendor/laravel/framework/src/Illuminate/Pipeline/Pipeline.php(167): Illuminate\\Foundation\\Http\\Middleware\\ValidatePostSize->handle(Object(Illuminate\\Http\\Request), Object(Closure))
#55 /Users/danieldimov/Documents/Projects/Mobidonia/CodeCanyon/MRestorant/Site/vendor/laravel/framework/src/Illuminate/Foundation/Http/Middleware/PreventRequestsDuringMaintenance.php(87): Illuminate\\Pipeline\\Pipeline->Illuminate\\Pipeline\\{closure}(Object(Illuminate\\Http\\Request))
#56 /Users/danieldimov/Documents/Projects/Mobidonia/CodeCanyon/MRestorant/Site/vendor/laravel/framework/src/Illuminate/Pipeline/Pipeline.php(167): Illuminate\\Foundation\\Http\\Middleware\\PreventRequestsDuringMaintenance->handle(Object(Illuminate\\Http\\Request), Object(Closure))
#57 /Users/danieldimov/Documents/Projects/Mobidonia/CodeCanyon/MRestorant/Site/vendor/fruitcake/laravel-cors/src/HandleCors.php(37): Illuminate\\Pipeline\\Pipeline->Illuminate\\Pipeline\\{closure}(Object(Illuminate\\Http\\Request))
#58 /Users/danieldimov/Documents/Projects/Mobidonia/CodeCanyon/MRestorant/Site/vendor/laravel/framework/src/Illuminate/Pipeline/Pipeline.php(167): Fruitcake\\Cors\\HandleCors->handle(Object(Illuminate\\Http\\Request), Object(Closure))
#59 /Users/danieldimov/Documents/Projects/Mobidonia/CodeCanyon/MRestorant/Site/vendor/fideloper/proxy/src/TrustProxies.php(57): Illuminate\\Pipeline\\Pipeline->Illuminate\\Pipeline\\{closure}(Object(Illuminate\\Http\\Request))
#60 /Users/danieldimov/Documents/Projects/Mobidonia/CodeCanyon/MRestorant/Site/vendor/laravel/framework/src/Illuminate/Pipeline/Pipeline.php(167): Fideloper\\Proxy\\TrustProxies->handle(Object(Illuminate\\Http\\Request), Object(Closure))
#61 /Users/danieldimov/Documents/Projects/Mobidonia/CodeCanyon/MRestorant/Site/vendor/sentry/sentry-laravel/src/Sentry/Laravel/Tracing/Middleware.php(46): Illuminate\\Pipeline\\Pipeline->Illuminate\\Pipeline\\{closure}(Object(Illuminate\\Http\\Request))
#62 /Users/danieldimov/Documents/Projects/Mobidonia/CodeCanyon/MRestorant/Site/vendor/laravel/framework/src/Illuminate/Pipeline/Pipeline.php(167): Sentry\\Laravel\\Tracing\\Middleware->handle(Object(Illuminate\\Http\\Request), Object(Closure))
#63 /Users/danieldimov/Documents/Projects/Mobidonia/CodeCanyon/MRestorant/Site/vendor/laravel/framework/src/Illuminate/Pipeline/Pipeline.php(103): Illuminate\\Pipeline\\Pipeline->Illuminate\\Pipeline\\{closure}(Object(Illuminate\\Http\\Request))
#64 /Users/danieldimov/Documents/Projects/Mobidonia/CodeCanyon/MRestorant/Site/vendor/laravel/framework/src/Illuminate/Foundation/Http/Kernel.php(141): Illuminate\\Pipeline\\Pipeline->then(Object(Closure))
#65 /Users/danieldimov/Documents/Projects/Mobidonia/CodeCanyon/MRestorant/Site/vendor/laravel/framework/src/Illuminate/Foundation/Http/Kernel.php(110): Illuminate\\Foundation\\Http\\Kernel->sendRequestThroughRouter(Object(Illuminate\\Http\\Request))
#66 /Users/danieldimov/Documents/Projects/Mobidonia/CodeCanyon/MRestorant/Site/public/index.php(52): Illuminate\\Foundation\\Http\\Kernel->handle(Object(Illuminate\\Http\\Request))
#67 /Users/danieldimov/Documents/Projects/Mobidonia/CodeCanyon/MRestorant/Site/server.php(21): require_once('/Users/danieldi...')
#68 {main}
"} 
[2021-01-03 11:02:04] local.ERROR: Trying to get property 'name' of non-object {"userId":1,"exception":"[object] (ErrorException(code: 0): Trying to get property 'name' of non-object at /Users/danieldimov/Documents/Projects/Mobidonia/CodeCanyon/MRestorant/Site/packages/codedge/laravel-selfupdater/src/SourceRepositoryTypes/HttpRepositoryType.php:203)
[stacktrace]
#0 /Users/danieldimov/Documents/Projects/Mobidonia/CodeCanyon/MRestorant/Site/packages/codedge/laravel-selfupdater/src/SourceRepositoryTypes/HttpRepositoryType.php(203): Illuminate\\Foundation\\Bootstrap\\HandleExceptions->handleError(8, 'Trying to get p...', '/Users/danieldi...', 203, Array)
#1 /Users/danieldimov/Documents/Projects/Mobidonia/CodeCanyon/MRestorant/Site/packages/codedge/laravel-selfupdater/src/SourceRepositoryTypes/HttpRepositoryType.php(99): Codedge\\Updater\\SourceRepositoryTypes\\HttpRepositoryType->getVersionAvailable()
#2 /Users/danieldimov/Documents/Projects/Mobidonia/CodeCanyon/MRestorant/Site/packages/codedge/laravel-selfupdater/src/SourceRepository.php(77): Codedge\\Updater\\SourceRepositoryTypes\\HttpRepositoryType->isNewVersionAvailable('')
#3 /Users/danieldimov/Documents/Projects/Mobidonia/CodeCanyon/MRestorant/Site/app/Http/Controllers/SettingsController.php(193): Codedge\\Updater\\SourceRepository->isNewVersionAvailable()
#4 /Users/danieldimov/Documents/Projects/Mobidonia/CodeCanyon/MRestorant/Site/vendor/laravel/framework/src/Illuminate/Routing/Controller.php(54): App\\Http\\Controllers\\SettingsController->index(Object(App\\Settings))
#5 /Users/danieldimov/Documents/Projects/Mobidonia/CodeCanyon/MRestorant/Site/vendor/laravel/framework/src/Illuminate/Routing/ControllerDispatcher.php(45): Illuminate\\Routing\\Controller->callAction('index', Array)
#6 /Users/danieldimov/Documents/Projects/Mobidonia/CodeCanyon/MRestorant/Site/vendor/laravel/framework/src/Illuminate/Routing/Route.php(254): Illuminate\\Routing\\ControllerDispatcher->dispatch(Object(Illuminate\\Routing\\Route), Object(App\\Http\\Controllers\\SettingsController), 'index')
#7 /Users/danieldimov/Documents/Projects/Mobidonia/CodeCanyon/MRestorant/Site/vendor/laravel/framework/src/Illuminate/Routing/Route.php(197): Illuminate\\Routing\\Route->runController()
#8 /Users/danieldimov/Documents/Projects/Mobidonia/CodeCanyon/MRestorant/Site/vendor/laravel/framework/src/Illuminate/Routing/Router.php(692): Illuminate\\Routing\\Route->run()
#9 /Users/danieldimov/Documents/Projects/Mobidonia/CodeCanyon/MRestorant/Site/vendor/laravel/framework/src/Illuminate/Pipeline/Pipeline.php(128): Illuminate\\Routing\\Router->Illuminate\\Routing\\{closure}(Object(Illuminate\\Http\\Request))
#10 /Users/danieldimov/Documents/Projects/Mobidonia/CodeCanyon/MRestorant/Site/vendor/laravel/framework/src/Illuminate/Routing/Middleware/SubstituteBindings.php(41): Illuminate\\Pipeline\\Pipeline->Illuminate\\Pipeline\\{closure}(Object(Illuminate\\Http\\Request))
#11 /Users/danieldimov/Documents/Projects/Mobidonia/CodeCanyon/MRestorant/Site/vendor/laravel/framework/src/Illuminate/Pipeline/Pipeline.php(167): Illuminate\\Routing\\Middleware\\SubstituteBindings->handle(Object(Illuminate\\Http\\Request), Object(Closure))
#12 /Users/danieldimov/Documents/Projects/Mobidonia/CodeCanyon/MRestorant/Site/vendor/laravel/framework/src/Illuminate/Auth/Middleware/Authenticate.php(44): Illuminate\\Pipeline\\Pipeline->Illuminate\\Pipeline\\{closure}(Object(Illuminate\\Http\\Request))
#13 /Users/danieldimov/Documents/Projects/Mobidonia/CodeCanyon/MRestorant/Site/vendor/laravel/framework/src/Illuminate/Pipeline/Pipeline.php(167): Illuminate\\Auth\\Middleware\\Authenticate->handle(Object(Illuminate\\Http\\Request), Object(Closure))
#14 /Users/danieldimov/Documents/Projects/Mobidonia/CodeCanyon/MRestorant/Site/vendor/laravel/framework/src/Illuminate/Foundation/Http/Middleware/VerifyCsrfToken.php(78): Illuminate\\Pipeline\\Pipeline->Illuminate\\Pipeline\\{closure}(Object(Illuminate\\Http\\Request))
#15 /Users/danieldimov/Documents/Projects/Mobidonia/CodeCanyon/MRestorant/Site/vendor/laravel/framework/src/Illuminate/Pipeline/Pipeline.php(167): Illuminate\\Foundation\\Http\\Middleware\\VerifyCsrfToken->handle(Object(Illuminate\\Http\\Request), Object(Closure))
#16 /Users/danieldimov/Documents/Projects/Mobidonia/CodeCanyon/MRestorant/Site/vendor/laravel/framework/src/Illuminate/View/Middleware/ShareErrorsFromSession.php(49): Illuminate\\Pipeline\\Pipeline->Illuminate\\Pipeline\\{closure}(Object(Illuminate\\Http\\Request))
#17 /Users/danieldimov/Documents/Projects/Mobidonia/CodeCanyon/MRestorant/Site/vendor/laravel/framework/src/Illuminate/Pipeline/Pipeline.php(167): Illuminate\\View\\Middleware\\ShareErrorsFromSession->handle(Object(Illuminate\\Http\\Request), Object(Closure))
#18 /Users/danieldimov/Documents/Projects/Mobidonia/CodeCanyon/MRestorant/Site/app/Http/Middleware/Language.php(32): Illuminate\\Pipeline\\Pipeline->Illuminate\\Pipeline\\{closure}(Object(Illuminate\\Http\\Request))
#19 /Users/danieldimov/Documents/Projects/Mobidonia/CodeCanyon/MRestorant/Site/vendor/laravel/framework/src/Illuminate/Pipeline/Pipeline.php(167): App\\Http\\Middleware\\Language->handle(Object(Illuminate\\Http\\Request), Object(Closure))
#20 /Users/danieldimov/Documents/Projects/Mobidonia/CodeCanyon/MRestorant/Site/vendor/laravel/framework/src/Illuminate/Session/Middleware/StartSession.php(121): Illuminate\\Pipeline\\Pipeline->Illuminate\\Pipeline\\{closure}(Object(Illuminate\\Http\\Request))
#21 /Users/danieldimov/Documents/Projects/Mobidonia/CodeCanyon/MRestorant/Site/vendor/laravel/framework/src/Illuminate/Session/Middleware/StartSession.php(63): Illuminate\\Session\\Middleware\\StartSession->handleStatefulRequest(Object(Illuminate\\Http\\Request), Object(Illuminate\\Session\\Store), Object(Closure))
#22 /Users/danieldimov/Documents/Projects/Mobidonia/CodeCanyon/MRestorant/Site/vendor/laravel/framework/src/Illuminate/Pipeline/Pipeline.php(167): Illuminate\\Session\\Middleware\\StartSession->handle(Object(Illuminate\\Http\\Request), Object(Closure))
#23 /Users/danieldimov/Documents/Projects/Mobidonia/CodeCanyon/MRestorant/Site/vendor/laravel/framework/src/Illuminate/Cookie/Middleware/AddQueuedCookiesToResponse.php(37): Illuminate\\Pipeline\\Pipeline->Illuminate\\Pipeline\\{closure}(Object(Illuminate\\Http\\Request))
#24 /Users/danieldimov/Documents/Projects/Mobidonia/CodeCanyon/MRestorant/Site/vendor/laravel/framework/src/Illuminate/Pipeline/Pipeline.php(167): Illuminate\\Cookie\\Middleware\\AddQueuedCookiesToResponse->handle(Object(Illuminate\\Http\\Request), Object(Closure))
#25 /Users/danieldimov/Documents/Projects/Mobidonia/CodeCanyon/MRestorant/Site/vendor/laravel/framework/src/Illuminate/Cookie/Middleware/EncryptCookies.php(67): Illuminate\\Pipeline\\Pipeline->Illuminate\\Pipeline\\{closure}(Object(Illuminate\\Http\\Request))
#26 /Users/danieldimov/Documents/Projects/Mobidonia/CodeCanyon/MRestorant/Site/vendor/laravel/framework/src/Illuminate/Pipeline/Pipeline.php(167): Illuminate\\Cookie\\Middleware\\EncryptCookies->handle(Object(Illuminate\\Http\\Request), Object(Closure))
#27 /Users/danieldimov/Documents/Projects/Mobidonia/CodeCanyon/MRestorant/Site/packages/mobidonia/laravel-dashboard-installer/src/Middleware/ToInstallMiddleware.php(23): Illuminate\\Pipeline\\Pipeline->Illuminate\\Pipeline\\{closure}(Object(Illuminate\\Http\\Request))
#28 /Users/danieldimov/Documents/Projects/Mobidonia/CodeCanyon/MRestorant/Site/vendor/laravel/framework/src/Illuminate/Pipeline/Pipeline.php(167): dacoto\\LaravelInstaller\\Middleware\\ToInstallMiddleware->handle(Object(Illuminate\\Http\\Request), Object(Closure))
#29 /Users/danieldimov/Documents/Projects/Mobidonia/CodeCanyon/MRestorant/Site/vendor/laravel/framework/src/Illuminate/Pipeline/Pipeline.php(103): Illuminate\\Pipeline\\Pipeline->Illuminate\\Pipeline\\{closure}(Object(Illuminate\\Http\\Request))
#30 /Users/danieldimov/Documents/Projects/Mobidonia/CodeCanyon/MRestorant/Site/vendor/laravel/framework/src/Illuminate/Routing/Router.php(694): Illuminate\\Pipeline\\Pipeline->then(Object(Closure))
#31 /Users/danieldimov/Documents/Projects/Mobidonia/CodeCanyon/MRestorant/Site/vendor/laravel/framework/src/Illuminate/Routing/Router.php(669): Illuminate\\Routing\\Router->runRouteWithinStack(Object(Illuminate\\Routing\\Route), Object(Illuminate\\Http\\Request))
#32 /Users/danieldimov/Documents/Projects/Mobidonia/CodeCanyon/MRestorant/Site/vendor/laravel/framework/src/Illuminate/Routing/Router.php(635): Illuminate\\Routing\\Router->runRoute(Object(Illuminate\\Http\\Request), Object(Illuminate\\Routing\\Route))
#33 /Users/danieldimov/Documents/Projects/Mobidonia/CodeCanyon/MRestorant/Site/vendor/laravel/framework/src/Illuminate/Routing/Router.php(624): Illuminate\\Routing\\Router->dispatchToRoute(Object(Illuminate\\Http\\Request))
#34 /Users/danieldimov/Documents/Projects/Mobidonia/CodeCanyon/MRestorant/Site/vendor/laravel/framework/src/Illuminate/Foundation/Http/Kernel.php(166): Illuminate\\Routing\\Router->dispatch(Object(Illuminate\\Http\\Request))
#35 /Users/danieldimov/Documents/Projects/Mobidonia/CodeCanyon/MRestorant/Site/vendor/laravel/framework/src/Illuminate/Pipeline/Pipeline.php(128): Illuminate\\Foundation\\Http\\Kernel->Illuminate\\Foundation\\Http\\{closure}(Object(Illuminate\\Http\\Request))
#36 /Users/danieldimov/Documents/Projects/Mobidonia/CodeCanyon/MRestorant/Site/vendor/barryvdh/laravel-debugbar/src/Middleware/InjectDebugbar.php(67): Illuminate\\Pipeline\\Pipeline->Illuminate\\Pipeline\\{closure}(Object(Illuminate\\Http\\Request))
#37 /Users/danieldimov/Documents/Projects/Mobidonia/CodeCanyon/MRestorant/Site/vendor/laravel/framework/src/Illuminate/Pipeline/Pipeline.php(167): Barryvdh\\Debugbar\\Middleware\\InjectDebugbar->handle(Object(Illuminate\\Http\\Request), Object(Closure))
#38 /Users/danieldimov/Documents/Projects/Mobidonia/CodeCanyon/MRestorant/Site/vendor/laravel/framework/src/Illuminate/Foundation/Http/Middleware/TransformsRequest.php(21): Illuminate\\Pipeline\\Pipeline->Illuminate\\Pipeline\\{closure}(Object(Illuminate\\Http\\Request))
#39 /Users/danieldimov/Documents/Projects/Mobidonia/CodeCanyon/MRestorant/Site/vendor/laravel/framework/src/Illuminate/Pipeline/Pipeline.php(167): Illuminate\\Foundation\\Http\\Middleware\\TransformsRequest->handle(Object(Illuminate\\Http\\Request), Object(Closure))
#40 /Users/danieldimov/Documents/Projects/Mobidonia/CodeCanyon/MRestorant/Site/vendor/laravel/framework/src/Illuminate/Foundation/Http/Middleware/TransformsRequest.php(21): Illuminate\\Pipeline\\Pipeline->Illuminate\\Pipeline\\{closure}(Object(Illuminate\\Http\\Request))
#41 /Users/danieldimov/Documents/Projects/Mobidonia/CodeCanyon/MRestorant/Site/vendor/laravel/framework/src/Illuminate/Pipeline/Pipeline.php(167): Illuminate\\Foundation\\Http\\Middleware\\TransformsRequest->handle(Object(Illuminate\\Http\\Request), Object(Closure))
#42 /Users/danieldimov/Documents/Projects/Mobidonia/CodeCanyon/MRestorant/Site/vendor/laravel/framework/src/Illuminate/Foundation/Http/Middleware/ValidatePostSize.php(27): Illuminate\\Pipeline\\Pipeline->Illuminate\\Pipeline\\{closure}(Object(Illuminate\\Http\\Request))
#43 /Users/danieldimov/Documents/Projects/Mobidonia/CodeCanyon/MRestorant/Site/vendor/laravel/framework/src/Illuminate/Pipeline/Pipeline.php(167): Illuminate\\Foundation\\Http\\Middleware\\ValidatePostSize->handle(Object(Illuminate\\Http\\Request), Object(Closure))
#44 /Users/danieldimov/Documents/Projects/Mobidonia/CodeCanyon/MRestorant/Site/vendor/laravel/framework/src/Illuminate/Foundation/Http/Middleware/PreventRequestsDuringMaintenance.php(87): Illuminate\\Pipeline\\Pipeline->Illuminate\\Pipeline\\{closure}(Object(Illuminate\\Http\\Request))
#45 /Users/danieldimov/Documents/Projects/Mobidonia/CodeCanyon/MRestorant/Site/vendor/laravel/framework/src/Illuminate/Pipeline/Pipeline.php(167): Illuminate\\Foundation\\Http\\Middleware\\PreventRequestsDuringMaintenance->handle(Object(Illuminate\\Http\\Request), Object(Closure))
#46 /Users/danieldimov/Documents/Projects/Mobidonia/CodeCanyon/MRestorant/Site/vendor/fruitcake/laravel-cors/src/HandleCors.php(37): Illuminate\\Pipeline\\Pipeline->Illuminate\\Pipeline\\{closure}(Object(Illuminate\\Http\\Request))
#47 /Users/danieldimov/Documents/Projects/Mobidonia/CodeCanyon/MRestorant/Site/vendor/laravel/framework/src/Illuminate/Pipeline/Pipeline.php(167): Fruitcake\\Cors\\HandleCors->handle(Object(Illuminate\\Http\\Request), Object(Closure))
#48 /Users/danieldimov/Documents/Projects/Mobidonia/CodeCanyon/MRestorant/Site/vendor/fideloper/proxy/src/TrustProxies.php(57): Illuminate\\Pipeline\\Pipeline->Illuminate\\Pipeline\\{closure}(Object(Illuminate\\Http\\Request))
#49 /Users/danieldimov/Documents/Projects/Mobidonia/CodeCanyon/MRestorant/Site/vendor/laravel/framework/src/Illuminate/Pipeline/Pipeline.php(167): Fideloper\\Proxy\\TrustProxies->handle(Object(Illuminate\\Http\\Request), Object(Closure))
#50 /Users/danieldimov/Documents/Projects/Mobidonia/CodeCanyon/MRestorant/Site/vendor/sentry/sentry-laravel/src/Sentry/Laravel/Tracing/Middleware.php(46): Illuminate\\Pipeline\\Pipeline->Illuminate\\Pipeline\\{closure}(Object(Illuminate\\Http\\Request))
#51 /Users/danieldimov/Documents/Projects/Mobidonia/CodeCanyon/MRestorant/Site/vendor/laravel/framework/src/Illuminate/Pipeline/Pipeline.php(167): Sentry\\Laravel\\Tracing\\Middleware->handle(Object(Illuminate\\Http\\Request), Object(Closure))
#52 /Users/danieldimov/Documents/Projects/Mobidonia/CodeCanyon/MRestorant/Site/vendor/laravel/framework/src/Illuminate/Pipeline/Pipeline.php(103): Illuminate\\Pipeline\\Pipeline->Illuminate\\Pipeline\\{closure}(Object(Illuminate\\Http\\Request))
#53 /Users/danieldimov/Documents/Projects/Mobidonia/CodeCanyon/MRestorant/Site/vendor/laravel/framework/src/Illuminate/Foundation/Http/Kernel.php(141): Illuminate\\Pipeline\\Pipeline->then(Object(Closure))
#54 /Users/danieldimov/Documents/Projects/Mobidonia/CodeCanyon/MRestorant/Site/vendor/laravel/framework/src/Illuminate/Foundation/Http/Kernel.php(110): Illuminate\\Foundation\\Http\\Kernel->sendRequestThroughRouter(Object(Illuminate\\Http\\Request))
#55 /Users/danieldimov/Documents/Projects/Mobidonia/CodeCanyon/MRestorant/Site/public/index.php(52): Illuminate\\Foundation\\Http\\Kernel->handle(Object(Illuminate\\Http\\Request))
#56 /Users/danieldimov/Documents/Projects/Mobidonia/CodeCanyon/MRestorant/Site/server.php(21): require_once('/Users/danieldi...')
#57 {main}
"} 
[2021-01-03 11:16:06] local.ERROR: validation.required {"userId":2,"exception":"[object] (Darryldecode\\Cart\\Exceptions\\InvalidItemException(code: 0): validation.required at /Users/danieldimov/Documents/Projects/Mobidonia/CodeCanyon/MRestorant/Site/vendor/darryldecode/cart/src/Darryldecode/Cart/Cart.php:709)
[stacktrace]
#0 /Users/danieldimov/Documents/Projects/Mobidonia/CodeCanyon/MRestorant/Site/vendor/darryldecode/cart/src/Darryldecode/Cart/Cart.php(205): Darryldecode\\Cart\\Cart->validate(Array)
#1 /Users/danieldimov/Documents/Projects/Mobidonia/CodeCanyon/MRestorant/Site/vendor/laravel/framework/src/Illuminate/Support/Facades/Facade.php(261): Darryldecode\\Cart\\Cart->add(1609668965, '', 7.69, '1', Array)
#2 /Users/danieldimov/Documents/Projects/Mobidonia/CodeCanyon/MRestorant/Site/app/Http/Controllers/CartController.php(74): Illuminate\\Support\\Facades\\Facade::__callStatic('add', Array)
#3 /Users/danieldimov/Documents/Projects/Mobidonia/CodeCanyon/MRestorant/Site/vendor/laravel/framework/src/Illuminate/Routing/Controller.php(54): App\\Http\\Controllers\\CartController->add(Object(Illuminate\\Http\\Request))
#4 /Users/danieldimov/Documents/Projects/Mobidonia/CodeCanyon/MRestorant/Site/vendor/laravel/framework/src/Illuminate/Routing/ControllerDispatcher.php(45): Illuminate\\Routing\\Controller->callAction('add', Array)
#5 /Users/danieldimov/Documents/Projects/Mobidonia/CodeCanyon/MRestorant/Site/vendor/laravel/framework/src/Illuminate/Routing/Route.php(254): Illuminate\\Routing\\ControllerDispatcher->dispatch(Object(Illuminate\\Routing\\Route), Object(App\\Http\\Controllers\\CartController), 'add')
#6 /Users/danieldimov/Documents/Projects/Mobidonia/CodeCanyon/MRestorant/Site/vendor/laravel/framework/src/Illuminate/Routing/Route.php(197): Illuminate\\Routing\\Route->runController()
#7 /Users/danieldimov/Documents/Projects/Mobidonia/CodeCanyon/MRestorant/Site/vendor/laravel/framework/src/Illuminate/Routing/Router.php(692): Illuminate\\Routing\\Route->run()
#8 /Users/danieldimov/Documents/Projects/Mobidonia/CodeCanyon/MRestorant/Site/vendor/laravel/framework/src/Illuminate/Pipeline/Pipeline.php(128): Illuminate\\Routing\\Router->Illuminate\\Routing\\{closure}(Object(Illuminate\\Http\\Request))
#9 /Users/danieldimov/Documents/Projects/Mobidonia/CodeCanyon/MRestorant/Site/vendor/laravel/framework/src/Illuminate/Routing/Middleware/SubstituteBindings.php(41): Illuminate\\Pipeline\\Pipeline->Illuminate\\Pipeline\\{closure}(Object(Illuminate\\Http\\Request))
#10 /Users/danieldimov/Documents/Projects/Mobidonia/CodeCanyon/MRestorant/Site/vendor/laravel/framework/src/Illuminate/Pipeline/Pipeline.php(167): Illuminate\\Routing\\Middleware\\SubstituteBindings->handle(Object(Illuminate\\Http\\Request), Object(Closure))
#11 /Users/danieldimov/Documents/Projects/Mobidonia/CodeCanyon/MRestorant/Site/vendor/laravel/framework/src/Illuminate/Foundation/Http/Middleware/VerifyCsrfToken.php(78): Illuminate\\Pipeline\\Pipeline->Illuminate\\Pipeline\\{closure}(Object(Illuminate\\Http\\Request))
#12 /Users/danieldimov/Documents/Projects/Mobidonia/CodeCanyon/MRestorant/Site/vendor/laravel/framework/src/Illuminate/Pipeline/Pipeline.php(167): Illuminate\\Foundation\\Http\\Middleware\\VerifyCsrfToken->handle(Object(Illuminate\\Http\\Request), Object(Closure))
#13 /Users/danieldimov/Documents/Projects/Mobidonia/CodeCanyon/MRestorant/Site/vendor/laravel/framework/src/Illuminate/View/Middleware/ShareErrorsFromSession.php(49): Illuminate\\Pipeline\\Pipeline->Illuminate\\Pipeline\\{closure}(Object(Illuminate\\Http\\Request))
#14 /Users/danieldimov/Documents/Projects/Mobidonia/CodeCanyon/MRestorant/Site/vendor/laravel/framework/src/Illuminate/Pipeline/Pipeline.php(167): Illuminate\\View\\Middleware\\ShareErrorsFromSession->handle(Object(Illuminate\\Http\\Request), Object(Closure))
#15 /Users/danieldimov/Documents/Projects/Mobidonia/CodeCanyon/MRestorant/Site/app/Http/Middleware/Language.php(32): Illuminate\\Pipeline\\Pipeline->Illuminate\\Pipeline\\{closure}(Object(Illuminate\\Http\\Request))
#16 /Users/danieldimov/Documents/Projects/Mobidonia/CodeCanyon/MRestorant/Site/vendor/laravel/framework/src/Illuminate/Pipeline/Pipeline.php(167): App\\Http\\Middleware\\Language->handle(Object(Illuminate\\Http\\Request), Object(Closure))
#17 /Users/danieldimov/Documents/Projects/Mobidonia/CodeCanyon/MRestorant/Site/vendor/laravel/framework/src/Illuminate/Session/Middleware/StartSession.php(121): Illuminate\\Pipeline\\Pipeline->Illuminate\\Pipeline\\{closure}(Object(Illuminate\\Http\\Request))
#18 /Users/danieldimov/Documents/Projects/Mobidonia/CodeCanyon/MRestorant/Site/vendor/laravel/framework/src/Illuminate/Session/Middleware/StartSession.php(63): Illuminate\\Session\\Middleware\\StartSession->handleStatefulRequest(Object(Illuminate\\Http\\Request), Object(Illuminate\\Session\\Store), Object(Closure))
#19 /Users/danieldimov/Documents/Projects/Mobidonia/CodeCanyon/MRestorant/Site/vendor/laravel/framework/src/Illuminate/Pipeline/Pipeline.php(167): Illuminate\\Session\\Middleware\\StartSession->handle(Object(Illuminate\\Http\\Request), Object(Closure))
#20 /Users/danieldimov/Documents/Projects/Mobidonia/CodeCanyon/MRestorant/Site/vendor/laravel/framework/src/Illuminate/Cookie/Middleware/AddQueuedCookiesToResponse.php(37): Illuminate\\Pipeline\\Pipeline->Illuminate\\Pipeline\\{closure}(Object(Illuminate\\Http\\Request))
#21 /Users/danieldimov/Documents/Projects/Mobidonia/CodeCanyon/MRestorant/Site/vendor/laravel/framework/src/Illuminate/Pipeline/Pipeline.php(167): Illuminate\\Cookie\\Middleware\\AddQueuedCookiesToResponse->handle(Object(Illuminate\\Http\\Request), Object(Closure))
#22 /Users/danieldimov/Documents/Projects/Mobidonia/CodeCanyon/MRestorant/Site/vendor/laravel/framework/src/Illuminate/Cookie/Middleware/EncryptCookies.php(67): Illuminate\\Pipeline\\Pipeline->Illuminate\\Pipeline\\{closure}(Object(Illuminate\\Http\\Request))
#23 /Users/danieldimov/Documents/Projects/Mobidonia/CodeCanyon/MRestorant/Site/vendor/laravel/framework/src/Illuminate/Pipeline/Pipeline.php(167): Illuminate\\Cookie\\Middleware\\EncryptCookies->handle(Object(Illuminate\\Http\\Request), Object(Closure))
#24 /Users/danieldimov/Documents/Projects/Mobidonia/CodeCanyon/MRestorant/Site/packages/mobidonia/laravel-dashboard-installer/src/Middleware/ToInstallMiddleware.php(23): Illuminate\\Pipeline\\Pipeline->Illuminate\\Pipeline\\{closure}(Object(Illuminate\\Http\\Request))
#25 /Users/danieldimov/Documents/Projects/Mobidonia/CodeCanyon/MRestorant/Site/vendor/laravel/framework/src/Illuminate/Pipeline/Pipeline.php(167): dacoto\\LaravelInstaller\\Middleware\\ToInstallMiddleware->handle(Object(Illuminate\\Http\\Request), Object(Closure))
#26 /Users/danieldimov/Documents/Projects/Mobidonia/CodeCanyon/MRestorant/Site/vendor/laravel/framework/src/Illuminate/Pipeline/Pipeline.php(103): Illuminate\\Pipeline\\Pipeline->Illuminate\\Pipeline\\{closure}(Object(Illuminate\\Http\\Request))
#27 /Users/danieldimov/Documents/Projects/Mobidonia/CodeCanyon/MRestorant/Site/vendor/laravel/framework/src/Illuminate/Routing/Router.php(694): Illuminate\\Pipeline\\Pipeline->then(Object(Closure))
#28 /Users/danieldimov/Documents/Projects/Mobidonia/CodeCanyon/MRestorant/Site/vendor/laravel/framework/src/Illuminate/Routing/Router.php(669): Illuminate\\Routing\\Router->runRouteWithinStack(Object(Illuminate\\Routing\\Route), Object(Illuminate\\Http\\Request))
#29 /Users/danieldimov/Documents/Projects/Mobidonia/CodeCanyon/MRestorant/Site/vendor/laravel/framework/src/Illuminate/Routing/Router.php(635): Illuminate\\Routing\\Router->runRoute(Object(Illuminate\\Http\\Request), Object(Illuminate\\Routing\\Route))
#30 /Users/danieldimov/Documents/Projects/Mobidonia/CodeCanyon/MRestorant/Site/vendor/laravel/framework/src/Illuminate/Routing/Router.php(624): Illuminate\\Routing\\Router->dispatchToRoute(Object(Illuminate\\Http\\Request))
#31 /Users/danieldimov/Documents/Projects/Mobidonia/CodeCanyon/MRestorant/Site/vendor/laravel/framework/src/Illuminate/Foundation/Http/Kernel.php(166): Illuminate\\Routing\\Router->dispatch(Object(Illuminate\\Http\\Request))
#32 /Users/danieldimov/Documents/Projects/Mobidonia/CodeCanyon/MRestorant/Site/vendor/laravel/framework/src/Illuminate/Pipeline/Pipeline.php(128): Illuminate\\Foundation\\Http\\Kernel->Illuminate\\Foundation\\Http\\{closure}(Object(Illuminate\\Http\\Request))
#33 /Users/danieldimov/Documents/Projects/Mobidonia/CodeCanyon/MRestorant/Site/vendor/barryvdh/laravel-debugbar/src/Middleware/InjectDebugbar.php(67): Illuminate\\Pipeline\\Pipeline->Illuminate\\Pipeline\\{closure}(Object(Illuminate\\Http\\Request))
#34 /Users/danieldimov/Documents/Projects/Mobidonia/CodeCanyon/MRestorant/Site/vendor/laravel/framework/src/Illuminate/Pipeline/Pipeline.php(167): Barryvdh\\Debugbar\\Middleware\\InjectDebugbar->handle(Object(Illuminate\\Http\\Request), Object(Closure))
#35 /Users/danieldimov/Documents/Projects/Mobidonia/CodeCanyon/MRestorant/Site/vendor/laravel/framework/src/Illuminate/Foundation/Http/Middleware/TransformsRequest.php(21): Illuminate\\Pipeline\\Pipeline->Illuminate\\Pipeline\\{closure}(Object(Illuminate\\Http\\Request))
#36 /Users/danieldimov/Documents/Projects/Mobidonia/CodeCanyon/MRestorant/Site/vendor/laravel/framework/src/Illuminate/Pipeline/Pipeline.php(167): Illuminate\\Foundation\\Http\\Middleware\\TransformsRequest->handle(Object(Illuminate\\Http\\Request), Object(Closure))
#37 /Users/danieldimov/Documents/Projects/Mobidonia/CodeCanyon/MRestorant/Site/vendor/laravel/framework/src/Illuminate/Foundation/Http/Middleware/TransformsRequest.php(21): Illuminate\\Pipeline\\Pipeline->Illuminate\\Pipeline\\{closure}(Object(Illuminate\\Http\\Request))
#38 /Users/danieldimov/Documents/Projects/Mobidonia/CodeCanyon/MRestorant/Site/vendor/laravel/framework/src/Illuminate/Pipeline/Pipeline.php(167): Illuminate\\Foundation\\Http\\Middleware\\TransformsRequest->handle(Object(Illuminate\\Http\\Request), Object(Closure))
#39 /Users/danieldimov/Documents/Projects/Mobidonia/CodeCanyon/MRestorant/Site/vendor/laravel/framework/src/Illuminate/Foundation/Http/Middleware/ValidatePostSize.php(27): Illuminate\\Pipeline\\Pipeline->Illuminate\\Pipeline\\{closure}(Object(Illuminate\\Http\\Request))
#40 /Users/danieldimov/Documents/Projects/Mobidonia/CodeCanyon/MRestorant/Site/vendor/laravel/framework/src/Illuminate/Pipeline/Pipeline.php(167): Illuminate\\Foundation\\Http\\Middleware\\ValidatePostSize->handle(Object(Illuminate\\Http\\Request), Object(Closure))
#41 /Users/danieldimov/Documents/Projects/Mobidonia/CodeCanyon/MRestorant/Site/vendor/laravel/framework/src/Illuminate/Foundation/Http/Middleware/PreventRequestsDuringMaintenance.php(87): Illuminate\\Pipeline\\Pipeline->Illuminate\\Pipeline\\{closure}(Object(Illuminate\\Http\\Request))
#42 /Users/danieldimov/Documents/Projects/Mobidonia/CodeCanyon/MRestorant/Site/vendor/laravel/framework/src/Illuminate/Pipeline/Pipeline.php(167): Illuminate\\Foundation\\Http\\Middleware\\PreventRequestsDuringMaintenance->handle(Object(Illuminate\\Http\\Request), Object(Closure))
#43 /Users/danieldimov/Documents/Projects/Mobidonia/CodeCanyon/MRestorant/Site/vendor/fruitcake/laravel-cors/src/HandleCors.php(37): Illuminate\\Pipeline\\Pipeline->Illuminate\\Pipeline\\{closure}(Object(Illuminate\\Http\\Request))
#44 /Users/danieldimov/Documents/Projects/Mobidonia/CodeCanyon/MRestorant/Site/vendor/laravel/framework/src/Illuminate/Pipeline/Pipeline.php(167): Fruitcake\\Cors\\HandleCors->handle(Object(Illuminate\\Http\\Request), Object(Closure))
#45 /Users/danieldimov/Documents/Projects/Mobidonia/CodeCanyon/MRestorant/Site/vendor/fideloper/proxy/src/TrustProxies.php(57): Illuminate\\Pipeline\\Pipeline->Illuminate\\Pipeline\\{closure}(Object(Illuminate\\Http\\Request))
#46 /Users/danieldimov/Documents/Projects/Mobidonia/CodeCanyon/MRestorant/Site/vendor/laravel/framework/src/Illuminate/Pipeline/Pipeline.php(167): Fideloper\\Proxy\\TrustProxies->handle(Object(Illuminate\\Http\\Request), Object(Closure))
#47 /Users/danieldimov/Documents/Projects/Mobidonia/CodeCanyon/MRestorant/Site/vendor/sentry/sentry-laravel/src/Sentry/Laravel/Tracing/Middleware.php(46): Illuminate\\Pipeline\\Pipeline->Illuminate\\Pipeline\\{closure}(Object(Illuminate\\Http\\Request))
#48 /Users/danieldimov/Documents/Projects/Mobidonia/CodeCanyon/MRestorant/Site/vendor/laravel/framework/src/Illuminate/Pipeline/Pipeline.php(167): Sentry\\Laravel\\Tracing\\Middleware->handle(Object(Illuminate\\Http\\Request), Object(Closure))
#49 /Users/danieldimov/Documents/Projects/Mobidonia/CodeCanyon/MRestorant/Site/vendor/laravel/framework/src/Illuminate/Pipeline/Pipeline.php(103): Illuminate\\Pipeline\\Pipeline->Illuminate\\Pipeline\\{closure}(Object(Illuminate\\Http\\Request))
#50 /Users/danieldimov/Documents/Projects/Mobidonia/CodeCanyon/MRestorant/Site/vendor/laravel/framework/src/Illuminate/Foundation/Http/Kernel.php(141): Illuminate\\Pipeline\\Pipeline->then(Object(Closure))
#51 /Users/danieldimov/Documents/Projects/Mobidonia/CodeCanyon/MRestorant/Site/vendor/laravel/framework/src/Illuminate/Foundation/Http/Kernel.php(110): Illuminate\\Foundation\\Http\\Kernel->sendRequestThroughRouter(Object(Illuminate\\Http\\Request))
#52 /Users/danieldimov/Documents/Projects/Mobidonia/CodeCanyon/MRestorant/Site/public/index.php(52): Illuminate\\Foundation\\Http\\Kernel->handle(Object(Illuminate\\Http\\Request))
#53 /Users/danieldimov/Documents/Projects/Mobidonia/CodeCanyon/MRestorant/Site/server.php(21): require_once('/Users/danieldi...')
#54 {main}
"} 
